# JRE version: Java(TM) SE Runtime Environment (8.0_131-b11) (build 1.8.0_131-b11)
# Java VM: Java HotSpot(TM) 64-Bit Server VM (25.131-b11 mixed mode windows-amd64 compressed oops)
Heap:
 PSYoungGen      total 332288K, used 143017K [0x000000076b500000, 0x0000000785780000, 0x00000007c0000000)
  eden space 315904K, 41% used [0x000000076b500000,0x000000077348f160,0x000000077e980000)
  from space 16384K, 75% used [0x000000077e980000,0x000000077f59b618,0x000000077f980000)
  to   space 16896K, 0% used [0x0000000784700000,0x0000000784700000,0x0000000785780000)
 ParOldGen       total 202752K, used 31346K [0x00000006c1e00000, 0x00000006ce400000, 0x000000076b500000)
  object space 202752K, 15% used [0x00000006c1e00000,0x00000006c3c9c920,0x00000006ce400000)
 Metaspace       used 62113K, capacity 64976K, committed 65176K, reserved 1105920K
  class space    used 8531K, capacity 9046K, committed 9128K, reserved 1048576K
GC Heap History (10 events):
Event: 13.971 GC heap before
{Heap before GC invocations=12 (full 2):
 PSYoungGen      total 188928K, used 177152K [0x000000076b500000, 0x000000077ce00000, 0x00000007c0000000)
  eden space 177152K, 100% used [0x000000076b500000,0x0000000776200000,0x0000000776200000)
  from space 11776K, 0% used [0x0000000776200000,0x0000000776200000,0x0000000776d80000)
  to   space 12800K, 0% used [0x000000077c180000,0x000000077c180000,0x000000077ce00000)
 ParOldGen       total 145408K, used 18936K [0x00000006c1e00000, 0x00000006cac00000, 0x000000076b500000)
  object space 145408K, 13% used [0x00000006c1e00000,0x00000006c307e2c8,0x00000006cac00000)
 Metaspace       used 39245K, capacity 41444K, committed 41512K, reserved 1085440K
  class space    used 5238K, capacity 5644K, committed 5672K, reserved 1048576K
Event: 13.992 GC heap after
Heap after GC invocations=12 (full 2):
 PSYoungGen      total 248832K, used 10236K [0x000000076b500000, 0x000000077cb80000, 0x00000007c0000000)
  eden space 238592K, 0% used [0x000000076b500000,0x000000076b500000,0x0000000779e00000)
  from space 10240K, 99% used [0x000000077c180000,0x000000077cb7f1d8,0x000000077cb80000)
  to   space 13312K, 0% used [0x000000077b180000,0x000000077b180000,0x000000077be80000)
 ParOldGen       total 145408K, used 18944K [0x00000006c1e00000, 0x00000006cac00000, 0x000000076b500000)
  object space 145408K, 13% used [0x00000006c1e00000,0x00000006c30802c8,0x00000006cac00000)
 Metaspace       used 39245K, capacity 41444K, committed 41512K, reserved 1085440K
  class space    used 5238K, capacity 5644K, committed 5672K, reserved 1048576K
}
Event: 18.593 GC heap before
{Heap before GC invocations=13 (full 2):
 PSYoungGen      total 248832K, used 248828K [0x000000076b500000, 0x000000077cb80000, 0x00000007c0000000)
  eden space 238592K, 100% used [0x000000076b500000,0x0000000779e00000,0x0000000779e00000)
  from space 10240K, 99% used [0x000000077c180000,0x000000077cb7f1d8,0x000000077cb80000)
  to   space 13312K, 0% used [0x000000077b180000,0x000000077b180000,0x000000077be80000)
 ParOldGen       total 145408K, used 18944K [0x00000006c1e00000, 0x00000006cac00000, 0x000000076b500000)
  object space 145408K, 13% used [0x00000006c1e00000,0x00000006c30802c8,0x00000006cac00000)
 Metaspace       used 48903K, capacity 51236K, committed 51496K, reserved 1093632K
  class space    used 6486K, capacity 6912K, committed 6952K, reserved 1048576K
Event: 18.638 GC heap after
Heap after GC invocations=13 (full 2):
 PSYoungGen      total 271872K, used 13285K [0x000000076b500000, 0x0000000780a00000, 0x00000007c0000000)
  eden space 258560K, 0% used [0x000000076b500000,0x000000076b500000,0x000000077b180000)
  from space 13312K, 99% used [0x000000077b180000,0x000000077be79558,0x000000077be80000)
  to   space 16896K, 0% used [0x000000077f980000,0x000000077f980000,0x0000000780a00000)
 ParOldGen       total 145408K, used 24082K [0x00000006c1e00000, 0x00000006cac00000, 0x000000076b500000)
  object space 145408K, 16% used [0x00000006c1e00000,0x00000006c3584ae0,0x00000006cac00000)
 Metaspace       used 48903K, capacity 51236K, committed 51496K, reserved 1093632K
  class space    used 6486K, capacity 6912K, committed 6952K, reserved 1048576K
}
Event: 22.139 GC heap before
{Heap before GC invocations=14 (full 2):
 PSYoungGen      total 271872K, used 112481K [0x000000076b500000, 0x0000000780a00000, 0x00000007c0000000)
  eden space 258560K, 38% used [0x000000076b500000,0x00000007715def48,0x000000077b180000)
  from space 13312K, 99% used [0x000000077b180000,0x000000077be79558,0x000000077be80000)
  to   space 16896K, 0% used [0x000000077f980000,0x000000077f980000,0x0000000780a00000)
 ParOldGen       total 145408K, used 24082K [0x00000006c1e00000, 0x00000006cac00000, 0x000000076b500000)
  object space 145408K, 16% used [0x00000006c1e00000,0x00000006c3584ae0,0x00000006cac00000)
 Metaspace       used 56569K, capacity 58986K, committed 59160K, reserved 1099776K
  class space    used 7728K, capacity 8197K, committed 8232K, reserved 1048576K
Event: 22.160 GC heap after
Heap after GC invocations=14 (full 2):
 PSYoungGen      total 332800K, used 8172K [0x000000076b500000, 0x0000000781b80000, 0x00000007c0000000)
  eden space 315904K, 0% used [0x000000076b500000,0x000000076b500000,0x000000077e980000)
  from space 16896K, 48% used [0x000000077f980000,0x000000078017b358,0x0000000780a00000)
  to   space 16384K, 0% used [0x000000077e980000,0x000000077e980000,0x000000077f980000)
 ParOldGen       total 145408K, used 30317K [0x00000006c1e00000, 0x00000006cac00000, 0x000000076b500000)
  object space 145408K, 20% used [0x00000006c1e00000,0x00000006c3b9b770,0x00000006cac00000)
 Metaspace       used 56569K, capacity 58986K, committed 59160K, reserved 1099776K
  class space    used 7728K, capacity 8197K, committed 8232K, reserved 1048576K
}
Event: 22.160 GC heap before
{Heap before GC invocations=15 (full 3):
 PSYoungGen      total 332800K, used 8172K [0x000000076b500000, 0x0000000781b80000, 0x00000007c0000000)
  eden space 315904K, 0% used [0x000000076b500000,0x000000076b500000,0x000000077e980000)
  from space 16896K, 48% used [0x000000077f980000,0x000000078017b358,0x0000000780a00000)
  to   space 16384K, 0% used [0x000000077e980000,0x000000077e980000,0x000000077f980000)
 ParOldGen       total 145408K, used 30317K [0x00000006c1e00000, 0x00000006cac00000, 0x000000076b500000)
  object space 145408K, 20% used [0x00000006c1e00000,0x00000006c3b9b770,0x00000006cac00000)
 Metaspace       used 56569K, capacity 58986K, committed 59160K, reserved 1099776K
  class space    used 7728K, capacity 8197K, committed 8232K, reserved 1048576K
Event: 22.443 GC heap after
Heap after GC invocations=15 (full 3):
 PSYoungGen      total 332800K, used 0K [0x000000076b500000, 0x0000000781b80000, 0x00000007c0000000)
  eden space 315904K, 0% used [0x000000076b500000,0x000000076b500000,0x000000077e980000)
  from space 16896K, 0% used [0x000000077f980000,0x000000077f980000,0x0000000780a00000)
  to   space 16384K, 0% used [0x000000077e980000,0x000000077e980000,0x000000077f980000)
 ParOldGen       total 202752K, used 31338K [0x00000006c1e00000, 0x00000006ce400000, 0x000000076b500000)
  object space 202752K, 15% used [0x00000006c1e00000,0x00000006c3c9a920,0x00000006ce400000)
 Metaspace       used 56569K, capacity 58986K, committed 59160K, reserved 1099776K
  class space    used 7728K, capacity 8197K, committed 8232K, reserved 1048576K
}
Event: 24.814 GC heap before
{Heap before GC invocations=16 (full 3):
 PSYoungGen      total 332800K, used 315904K [0x000000076b500000, 0x0000000781b80000, 0x00000007c0000000)
  eden space 315904K, 100% used [0x000000076b500000,0x000000077e980000,0x000000077e980000)
  from space 16896K, 0% used [0x000000077f980000,0x000000077f980000,0x0000000780a00000)
  to   space 16384K, 0% used [0x000000077e980000,0x000000077e980000,0x000000077f980000)
 ParOldGen       total 202752K, used 31338K [0x00000006c1e00000, 0x00000006ce400000, 0x000000076b500000)
  object space 202752K, 15% used [0x00000006c1e00000,0x00000006c3c9a920,0x00000006ce400000)
 Metaspace       used 60161K, capacity 62736K, committed 63000K, reserved 1103872K
  class space    used 8216K, capacity 8678K, committed 8744K, reserved 1048576K
Event: 24.831 GC heap after
Heap after GC invocations=16 (full 3):
 PSYoungGen      total 332288K, used 12397K [0x000000076b500000, 0x0000000785780000, 0x00000007c0000000)
  eden space 315904K, 0% used [0x000000076b500000,0x000000076b500000,0x000000077e980000)
  from space 16384K, 75% used [0x000000077e980000,0x000000077f59b618,0x000000077f980000)
  to   space 16896K, 0% used [0x0000000784700000,0x0000000784700000,0x0000000785780000)
 ParOldGen       total 202752K, used 31346K [0x00000006c1e00000, 0x00000006ce400000, 0x000000076b500000)
  object space 202752K, 15% used [0x00000006c1e00000,0x00000006c3c9c920,0x00000006ce400000)
 Metaspace       used 60161K, capacity 62736K, committed 63000K, reserved 1103872K
  class space    used 8216K, capacity 8678K, committed 8744K, reserved 1048576K
}

