# JRE version: Java(TM) SE Runtime Environment (8.0_131-b11) (build 1.8.0_131-b11)
# Java VM: Java HotSpot(TM) 64-Bit Server VM (25.131-b11 mixed mode windows-amd64 compressed oops)
Heap:
 PSYoungGen      total 403456K, used 113984K [0x000000076b500000, 0x0000000787f80000, 0x00000007c0000000)
  eden space 387584K, 25% used [0x000000076b500000,0x00000007714d0e60,0x0000000782f80000)
  from space 15872K, 99% used [0x0000000782f80000,0x0000000783eff308,0x0000000783f00000)
  to   space 13312K, 0% used [0x0000000783f00000,0x0000000783f00000,0x0000000784c00000)
 ParOldGen       total 134144K, used 25559K [0x00000006c1e00000, 0x00000006ca100000, 0x000000076b500000)
  object space 134144K, 19% used [0x00000006c1e00000,0x00000006c36f5e18,0x00000006ca100000)
 Metaspace       used 48121K, capacity 50500K, committed 50816K, reserved 1093632K
  class space    used 6443K, capacity 6918K, committed 7040K, reserved 1048576K
GC Heap History (10 events):
Event: 5.710 GC heap before
{Heap before GC invocations=7 (full 1):
 PSYoungGen      total 141824K, used 131072K [0x000000076b500000, 0x000000077c800000, 0x00000007c0000000)
  eden space 131072K, 100% used [0x000000076b500000,0x0000000773500000,0x0000000773500000)
  from space 10752K, 0% used [0x0000000773500000,0x0000000773500000,0x0000000773f80000)
  to   space 9728K, 0% used [0x000000077be80000,0x000000077be80000,0x000000077c800000)
 ParOldGen       total 89600K, used 9153K [0x00000006c1e00000, 0x00000006c7580000, 0x000000076b500000)
  object space 89600K, 10% used [0x00000006c1e00000,0x00000006c26f04d0,0x00000006c7580000)
 Metaspace       used 24805K, capacity 25938K, committed 26112K, reserved 1071104K
  class space    used 3261K, capacity 3514K, committed 3584K, reserved 1048576K
Event: 5.716 GC heap after
Heap after GC invocations=7 (full 1):
 PSYoungGen      total 237056K, used 9699K [0x000000076b500000, 0x000000077c800000, 0x00000007c0000000)
  eden space 227328K, 0% used [0x000000076b500000,0x000000076b500000,0x0000000779300000)
  from space 9728K, 99% used [0x000000077be80000,0x000000077c7f8f80,0x000000077c800000)
  to   space 11264K, 0% used [0x000000077b200000,0x000000077b200000,0x000000077bd00000)
 ParOldGen       total 89600K, used 9608K [0x00000006c1e00000, 0x00000006c7580000, 0x000000076b500000)
  object space 89600K, 10% used [0x00000006c1e00000,0x00000006c27620d8,0x00000006c7580000)
 Metaspace       used 24805K, capacity 25938K, committed 26112K, reserved 1071104K
  class space    used 3261K, capacity 3514K, committed 3584K, reserved 1048576K
}
Event: 6.259 GC heap before
{Heap before GC invocations=8 (full 1):
 PSYoungGen      total 237056K, used 237027K [0x000000076b500000, 0x000000077c800000, 0x00000007c0000000)
  eden space 227328K, 100% used [0x000000076b500000,0x0000000779300000,0x0000000779300000)
  from space 9728K, 99% used [0x000000077be80000,0x000000077c7f8f80,0x000000077c800000)
  to   space 11264K, 0% used [0x000000077b200000,0x000000077b200000,0x000000077bd00000)
 ParOldGen       total 89600K, used 9608K [0x00000006c1e00000, 0x00000006c7580000, 0x000000076b500000)
  object space 89600K, 10% used [0x00000006c1e00000,0x00000006c27620d8,0x00000006c7580000)
 Metaspace       used 28721K, capacity 29924K, committed 30080K, reserved 1075200K
  class space    used 3686K, capacity 3947K, committed 3968K, reserved 1048576K
Event: 6.266 GC heap after
Heap after GC invocations=8 (full 1):
 PSYoungGen      total 270336K, used 11262K [0x000000076b500000, 0x0000000784c00000, 0x00000007c0000000)
  eden space 259072K, 0% used [0x000000076b500000,0x000000076b500000,0x000000077b200000)
  from space 11264K, 99% used [0x000000077b200000,0x000000077bcff850,0x000000077bd00000)
  to   space 13312K, 0% used [0x0000000783f00000,0x0000000783f00000,0x0000000784c00000)
 ParOldGen       total 89600K, used 12203K [0x00000006c1e00000, 0x00000006c7580000, 0x000000076b500000)
  object space 89600K, 13% used [0x00000006c1e00000,0x00000006c29eaf08,0x00000006c7580000)
 Metaspace       used 28721K, capacity 29924K, committed 30080K, reserved 1075200K
  class space    used 3686K, capacity 3947K, committed 3968K, reserved 1048576K
}
Event: 7.187 GC heap before
{Heap before GC invocations=9 (full 1):
 PSYoungGen      total 270336K, used 198868K [0x000000076b500000, 0x0000000784c00000, 0x00000007c0000000)
  eden space 259072K, 72% used [0x000000076b500000,0x0000000776c35980,0x000000077b200000)
  from space 11264K, 99% used [0x000000077b200000,0x000000077bcff850,0x000000077bd00000)
  to   space 13312K, 0% used [0x0000000783f00000,0x0000000783f00000,0x0000000784c00000)
 ParOldGen       total 89600K, used 12203K [0x00000006c1e00000, 0x00000006c7580000, 0x000000076b500000)
  object space 89600K, 13% used [0x00000006c1e00000,0x00000006c29eaf08,0x00000006c7580000)
 Metaspace       used 33911K, capacity 35344K, committed 35496K, reserved 1079296K
  class space    used 4471K, capacity 4755K, committed 4864K, reserved 1048576K
Event: 7.195 GC heap after
Heap after GC invocations=9 (full 1):
 PSYoungGen      total 400896K, used 13289K [0x000000076b500000, 0x0000000787f80000, 0x00000007c0000000)
  eden space 387584K, 0% used [0x000000076b500000,0x000000076b500000,0x0000000782f80000)
  from space 13312K, 99% used [0x0000000783f00000,0x0000000784bfa730,0x0000000784c00000)
  to   space 15872K, 0% used [0x0000000782f80000,0x0000000782f80000,0x0000000783f00000)
 ParOldGen       total 89600K, used 14556K [0x00000006c1e00000, 0x00000006c7580000, 0x000000076b500000)
  object space 89600K, 16% used [0x00000006c1e00000,0x00000006c2c373e0,0x00000006c7580000)
 Metaspace       used 33911K, capacity 35344K, committed 35496K, reserved 1079296K
  class space    used 4471K, capacity 4755K, committed 4864K, reserved 1048576K
}
Event: 7.195 GC heap before
{Heap before GC invocations=10 (full 2):
 PSYoungGen      total 400896K, used 13289K [0x000000076b500000, 0x0000000787f80000, 0x00000007c0000000)
  eden space 387584K, 0% used [0x000000076b500000,0x000000076b500000,0x0000000782f80000)
  from space 13312K, 99% used [0x0000000783f00000,0x0000000784bfa730,0x0000000784c00000)
  to   space 15872K, 0% used [0x0000000782f80000,0x0000000782f80000,0x0000000783f00000)
 ParOldGen       total 89600K, used 14556K [0x00000006c1e00000, 0x00000006c7580000, 0x000000076b500000)
  object space 89600K, 16% used [0x00000006c1e00000,0x00000006c2c373e0,0x00000006c7580000)
 Metaspace       used 33911K, capacity 35344K, committed 35496K, reserved 1079296K
  class space    used 4471K, capacity 4755K, committed 4864K, reserved 1048576K
Event: 7.234 GC heap after
Heap after GC invocations=10 (full 2):
 PSYoungGen      total 400896K, used 0K [0x000000076b500000, 0x0000000787f80000, 0x00000007c0000000)
  eden space 387584K, 0% used [0x000000076b500000,0x000000076b500000,0x0000000782f80000)
  from space 13312K, 0% used [0x0000000783f00000,0x0000000783f00000,0x0000000784c00000)
  to   space 15872K, 0% used [0x0000000782f80000,0x0000000782f80000,0x0000000783f00000)
 ParOldGen       total 134144K, used 21309K [0x00000006c1e00000, 0x00000006ca100000, 0x000000076b500000)
  object space 134144K, 15% used [0x00000006c1e00000,0x00000006c32cf738,0x00000006ca100000)
 Metaspace       used 33911K, capacity 35344K, committed 35496K, reserved 1079296K
  class space    used 4471K, capacity 4755K, committed 4864K, reserved 1048576K
}
Event: 9.295 GC heap before
{Heap before GC invocations=11 (full 2):
 PSYoungGen      total 400896K, used 387584K [0x000000076b500000, 0x0000000787f80000, 0x00000007c0000000)
  eden space 387584K, 100% used [0x000000076b500000,0x0000000782f80000,0x0000000782f80000)
  from space 13312K, 0% used [0x0000000783f00000,0x0000000783f00000,0x0000000784c00000)
  to   space 15872K, 0% used [0x0000000782f80000,0x0000000782f80000,0x0000000783f00000)
 ParOldGen       total 134144K, used 21309K [0x00000006c1e00000, 0x00000006ca100000, 0x000000076b500000)
  object space 134144K, 15% used [0x00000006c1e00000,0x00000006c32cf738,0x00000006ca100000)
 Metaspace       used 45545K, capacity 47696K, committed 48000K, reserved 1091584K
  class space    used 6037K, capacity 6416K, committed 6528K, reserved 1048576K
Event: 9.306 GC heap after
Heap after GC invocations=11 (full 2):
 PSYoungGen      total 403456K, used 15868K [0x000000076b500000, 0x0000000787f80000, 0x00000007c0000000)
  eden space 387584K, 0% used [0x000000076b500000,0x000000076b500000,0x0000000782f80000)
  from space 15872K, 99% used [0x0000000782f80000,0x0000000783eff308,0x0000000783f00000)
  to   space 13312K, 0% used [0x0000000783f00000,0x0000000783f00000,0x0000000784c00000)
 ParOldGen       total 134144K, used 25559K [0x00000006c1e00000, 0x00000006ca100000, 0x000000076b500000)
  object space 134144K, 19% used [0x00000006c1e00000,0x00000006c36f5e18,0x00000006ca100000)
 Metaspace       used 45545K, capacity 47696K, committed 48000K, reserved 1091584K
  class space    used 6037K, capacity 6416K, committed 6528K, reserved 1048576K
}

