# JRE version: Java(TM) SE Runtime Environment (8.0_131-b11) (build 1.8.0_131-b11)
# Java VM: Java HotSpot(TM) 64-Bit Server VM (25.131-b11 mixed mode windows-amd64 compressed oops)
Heap:
 PSYoungGen      total 762368K, used 567757K [0x000000076b500000, 0x000000079b600000, 0x00000007c0000000)
  eden space 743424K, 76% used [0x000000076b500000,0x000000078df73528,0x0000000798b00000)
  from space 18944K, 0% used [0x000000079a380000,0x000000079a380000,0x000000079b600000)
  to   space 22016K, 0% used [0x0000000798b00000,0x0000000798b00000,0x000000079a080000)
 ParOldGen       total 119296K, used 29200K [0x00000006c1e00000, 0x00000006c9280000, 0x000000076b500000)
  object space 119296K, 24% used [0x00000006c1e00000,0x00000006c3a843b8,0x00000006c9280000)
 Metaspace       used 64270K, capacity 67452K, committed 67608K, reserved 1107968K
  class space    used 8845K, capacity 9402K, committed 9512K, reserved 1048576K
GC Heap History (10 events):
Event: 18.290 GC heap before
{Heap before GC invocations=9 (full 1):
 PSYoungGen      total 258560K, used 15040K [0x000000076b500000, 0x000000078a500000, 0x00000007c0000000)
  eden space 247808K, 1% used [0x000000076b500000,0x000000076b9319a0,0x000000077a700000)
  from space 10752K, 99% used [0x000000077a700000,0x000000077b17e700,0x000000077b180000)
  to   space 14848K, 0% used [0x0000000789680000,0x0000000789680000,0x000000078a500000)
 ParOldGen       total 81408K, used 13642K [0x00000006c1e00000, 0x00000006c6d80000, 0x000000076b500000)
  object space 81408K, 16% used [0x00000006c1e00000,0x00000006c2b52930,0x00000006c6d80000)
 Metaspace       used 33517K, capacity 35442K, committed 35496K, reserved 1079296K
  class space    used 4411K, capacity 4763K, committed 4776K, reserved 1048576K
Event: 18.343 GC heap after
Heap after GC invocations=9 (full 1):
 PSYoungGen      total 493568K, used 8392K [0x000000076b500000, 0x000000078b000000, 0x00000007c0000000)
  eden space 478720K, 0% used [0x000000076b500000,0x000000076b500000,0x0000000788880000)
  from space 14848K, 56% used [0x0000000789680000,0x0000000789eb2370,0x000000078a500000)
  to   space 14336K, 0% used [0x0000000788880000,0x0000000788880000,0x0000000789680000)
 ParOldGen       total 81408K, used 13650K [0x00000006c1e00000, 0x00000006c6d80000, 0x000000076b500000)
  object space 81408K, 16% used [0x00000006c1e00000,0x00000006c2b54930,0x00000006c6d80000)
 Metaspace       used 33517K, capacity 35442K, committed 35496K, reserved 1079296K
  class space    used 4411K, capacity 4763K, committed 4776K, reserved 1048576K
}
Event: 18.344 GC heap before
{Heap before GC invocations=10 (full 2):
 PSYoungGen      total 493568K, used 8392K [0x000000076b500000, 0x000000078b000000, 0x00000007c0000000)
  eden space 478720K, 0% used [0x000000076b500000,0x000000076b500000,0x0000000788880000)
  from space 14848K, 56% used [0x0000000789680000,0x0000000789eb2370,0x000000078a500000)
  to   space 14336K, 0% used [0x0000000788880000,0x0000000788880000,0x0000000789680000)
 ParOldGen       total 81408K, used 13650K [0x00000006c1e00000, 0x00000006c6d80000, 0x000000076b500000)
  object space 81408K, 16% used [0x00000006c1e00000,0x00000006c2b54930,0x00000006c6d80000)
 Metaspace       used 33517K, capacity 35442K, committed 35496K, reserved 1079296K
  class space    used 4411K, capacity 4763K, committed 4776K, reserved 1048576K
Event: 18.494 GC heap after
Heap after GC invocations=10 (full 2):
 PSYoungGen      total 493568K, used 0K [0x000000076b500000, 0x000000078b000000, 0x00000007c0000000)
  eden space 478720K, 0% used [0x000000076b500000,0x000000076b500000,0x0000000788880000)
  from space 14848K, 0% used [0x0000000789680000,0x0000000789680000,0x000000078a500000)
  to   space 14336K, 0% used [0x0000000788880000,0x0000000788880000,0x0000000789680000)
 ParOldGen       total 93696K, used 13993K [0x00000006c1e00000, 0x00000006c7980000, 0x000000076b500000)
  object space 93696K, 14% used [0x00000006c1e00000,0x00000006c2baa538,0x00000006c7980000)
 Metaspace       used 33517K, capacity 35442K, committed 35496K, reserved 1079296K
  class space    used 4411K, capacity 4763K, committed 4776K, reserved 1048576K
}
Event: 26.177 GC heap before
{Heap before GC invocations=11 (full 2):
 PSYoungGen      total 493568K, used 478720K [0x000000076b500000, 0x000000078b000000, 0x00000007c0000000)
  eden space 478720K, 100% used [0x000000076b500000,0x0000000788880000,0x0000000788880000)
  from space 14848K, 0% used [0x0000000789680000,0x0000000789680000,0x000000078a500000)
  to   space 14336K, 0% used [0x0000000788880000,0x0000000788880000,0x0000000789680000)
 ParOldGen       total 93696K, used 13993K [0x00000006c1e00000, 0x00000006c7980000, 0x000000076b500000)
  object space 93696K, 14% used [0x00000006c1e00000,0x00000006c2baa538,0x00000006c7980000)
 Metaspace       used 51735K, capacity 54140K, committed 54312K, reserved 1095680K
  class space    used 6927K, capacity 7376K, committed 7464K, reserved 1048576K
Event: 26.230 GC heap after
Heap after GC invocations=11 (full 2):
 PSYoungGen      total 493056K, used 14331K [0x000000076b500000, 0x000000079b800000, 0x00000007c0000000)
  eden space 478720K, 0% used [0x000000076b500000,0x000000076b500000,0x0000000788880000)
  from space 14336K, 99% used [0x0000000788880000,0x000000078967edc8,0x0000000789680000)
  to   space 20992K, 0% used [0x000000079a380000,0x000000079a380000,0x000000079b800000)
 ParOldGen       total 93696K, used 26256K [0x00000006c1e00000, 0x00000006c7980000, 0x000000076b500000)
  object space 93696K, 28% used [0x00000006c1e00000,0x00000006c37a4080,0x00000006c7980000)
 Metaspace       used 51735K, capacity 54140K, committed 54312K, reserved 1095680K
  class space    used 6927K, capacity 7376K, committed 7464K, reserved 1048576K
}
Event: 27.415 GC heap before
{Heap before GC invocations=12 (full 2):
 PSYoungGen      total 493056K, used 73303K [0x000000076b500000, 0x000000079b800000, 0x00000007c0000000)
  eden space 478720K, 12% used [0x000000076b500000,0x000000076ee97200,0x0000000788880000)
  from space 14336K, 99% used [0x0000000788880000,0x000000078967edc8,0x0000000789680000)
  to   space 20992K, 0% used [0x000000079a380000,0x000000079a380000,0x000000079b800000)
 ParOldGen       total 93696K, used 26256K [0x00000006c1e00000, 0x00000006c7980000, 0x000000076b500000)
  object space 93696K, 28% used [0x00000006c1e00000,0x00000006c37a4080,0x00000006c7980000)
 Metaspace       used 56588K, capacity 58948K, committed 59160K, reserved 1099776K
  class space    used 7720K, capacity 8164K, committed 8232K, reserved 1048576K
Event: 27.453 GC heap after
Heap after GC invocations=12 (full 2):
 PSYoungGen      total 762368K, used 16884K [0x000000076b500000, 0x000000079b600000, 0x00000007c0000000)
  eden space 743424K, 0% used [0x000000076b500000,0x000000076b500000,0x0000000798b00000)
  from space 18944K, 89% used [0x000000079a380000,0x000000079b3fd238,0x000000079b600000)
  to   space 22016K, 0% used [0x0000000798b00000,0x0000000798b00000,0x000000079a080000)
 ParOldGen       total 93696K, used 26264K [0x00000006c1e00000, 0x00000006c7980000, 0x000000076b500000)
  object space 93696K, 28% used [0x00000006c1e00000,0x00000006c37a6080,0x00000006c7980000)
 Metaspace       used 56588K, capacity 58948K, committed 59160K, reserved 1099776K
  class space    used 7720K, capacity 8164K, committed 8232K, reserved 1048576K
}
Event: 27.453 GC heap before
{Heap before GC invocations=13 (full 3):
 PSYoungGen      total 762368K, used 16884K [0x000000076b500000, 0x000000079b600000, 0x00000007c0000000)
  eden space 743424K, 0% used [0x000000076b500000,0x000000076b500000,0x0000000798b00000)
  from space 18944K, 89% used [0x000000079a380000,0x000000079b3fd238,0x000000079b600000)
  to   space 22016K, 0% used [0x0000000798b00000,0x0000000798b00000,0x000000079a080000)
 ParOldGen       total 93696K, used 26264K [0x00000006c1e00000, 0x00000006c7980000, 0x000000076b500000)
  object space 93696K, 28% used [0x00000006c1e00000,0x00000006c37a6080,0x00000006c7980000)
 Metaspace       used 56588K, capacity 58948K, committed 59160K, reserved 1099776K
  class space    used 7720K, capacity 8164K, committed 8232K, reserved 1048576K
Event: 27.721 GC heap after
Heap after GC invocations=13 (full 3):
 PSYoungGen      total 762368K, used 0K [0x000000076b500000, 0x000000079b600000, 0x00000007c0000000)
  eden space 743424K, 0% used [0x000000076b500000,0x000000076b500000,0x0000000798b00000)
  from space 18944K, 0% used [0x000000079a380000,0x000000079a380000,0x000000079b600000)
  to   space 22016K, 0% used [0x0000000798b00000,0x0000000798b00000,0x000000079a080000)
 ParOldGen       total 119296K, used 29200K [0x00000006c1e00000, 0x00000006c9280000, 0x000000076b500000)
  object space 119296K, 24% used [0x00000006c1e00000,0x00000006c3a843b8,0x00000006c9280000)
 Metaspace       used 56588K, capacity 58948K, committed 59160K, reserved 1099776K
  class space    used 7720K, capacity 8164K, committed 8232K, reserved 1048576K
}

