# JRE version: Java(TM) SE Runtime Environment (8.0_131-b11) (build 1.8.0_131-b11)
# Java VM: Java HotSpot(TM) 64-Bit Server VM (25.131-b11 mixed mode windows-amd64 compressed oops)
Heap:
 PSYoungGen      total 394752K, used 31477K [0x000000076b500000, 0x0000000787f00000, 0x00000007c0000000)
  eden space 378880K, 8% used [0x000000076b500000,0x000000076d3bd418,0x0000000782700000)
  from space 15872K, 0% used [0x0000000782700000,0x0000000782700000,0x0000000783680000)
  to   space 13312K, 0% used [0x0000000783680000,0x0000000783680000,0x0000000784380000)
 ParOldGen       total 160768K, used 32294K [0x00000006c1e00000, 0x00000006cbb00000, 0x000000076b500000)
  object space 160768K, 20% used [0x00000006c1e00000,0x00000006c3d89830,0x00000006cbb00000)
 Metaspace       used 56401K, capacity 59382K, committed 59648K, reserved 1101824K
  class space    used 7607K, capacity 8146K, committed 8192K, reserved 1048576K
GC Heap History (10 events):
Event: 7.477 GC heap before
{Heap before GC invocations=10 (full 2):
 PSYoungGen      total 392192K, used 13302K [0x000000076b500000, 0x0000000787f00000, 0x00000007c0000000)
  eden space 378880K, 0% used [0x000000076b500000,0x000000076b500000,0x0000000782700000)
  from space 13312K, 99% used [0x0000000783680000,0x000000078437db38,0x0000000784380000)
  to   space 15872K, 0% used [0x0000000782700000,0x0000000782700000,0x0000000783680000)
 ParOldGen       total 90624K, used 14475K [0x00000006c1e00000, 0x00000006c7680000, 0x000000076b500000)
  object space 90624K, 15% used [0x00000006c1e00000,0x00000006c2c22c30,0x00000006c7680000)
 Metaspace       used 33910K, capacity 35336K, committed 35496K, reserved 1079296K
  class space    used 4471K, capacity 4755K, committed 4864K, reserved 1048576K
Event: 7.516 GC heap after
Heap after GC invocations=10 (full 2):
 PSYoungGen      total 392192K, used 0K [0x000000076b500000, 0x0000000787f00000, 0x00000007c0000000)
  eden space 378880K, 0% used [0x000000076b500000,0x000000076b500000,0x0000000782700000)
  from space 13312K, 0% used [0x0000000783680000,0x0000000783680000,0x0000000784380000)
  to   space 15872K, 0% used [0x0000000782700000,0x0000000782700000,0x0000000783680000)
 ParOldGen       total 134656K, used 21411K [0x00000006c1e00000, 0x00000006ca180000, 0x000000076b500000)
  object space 134656K, 15% used [0x00000006c1e00000,0x00000006c32e8c30,0x00000006ca180000)
 Metaspace       used 33910K, capacity 35336K, committed 35496K, reserved 1079296K
  class space    used 4471K, capacity 4755K, committed 4864K, reserved 1048576K
}
Event: 9.716 GC heap before
{Heap before GC invocations=11 (full 2):
 PSYoungGen      total 392192K, used 378880K [0x000000076b500000, 0x0000000787f00000, 0x00000007c0000000)
  eden space 378880K, 100% used [0x000000076b500000,0x0000000782700000,0x0000000782700000)
  from space 13312K, 0% used [0x0000000783680000,0x0000000783680000,0x0000000784380000)
  to   space 15872K, 0% used [0x0000000782700000,0x0000000782700000,0x0000000783680000)
 ParOldGen       total 134656K, used 21411K [0x00000006c1e00000, 0x00000006ca180000, 0x000000076b500000)
  object space 134656K, 15% used [0x00000006c1e00000,0x00000006c32e8c30,0x00000006ca180000)
 Metaspace       used 45542K, capacity 47688K, committed 48000K, reserved 1091584K
  class space    used 6036K, capacity 6416K, committed 6528K, reserved 1048576K
Event: 9.729 GC heap after
Heap after GC invocations=11 (full 2):
 PSYoungGen      total 394752K, used 15860K [0x000000076b500000, 0x0000000787f00000, 0x00000007c0000000)
  eden space 378880K, 0% used [0x000000076b500000,0x000000076b500000,0x0000000782700000)
  from space 15872K, 99% used [0x0000000782700000,0x000000078367d1d8,0x0000000783680000)
  to   space 13312K, 0% used [0x0000000783680000,0x0000000783680000,0x0000000784380000)
 ParOldGen       total 134656K, used 25722K [0x00000006c1e00000, 0x00000006ca180000, 0x000000076b500000)
  object space 134656K, 19% used [0x00000006c1e00000,0x00000006c371e8b0,0x00000006ca180000)
 Metaspace       used 45542K, capacity 47688K, committed 48000K, reserved 1091584K
  class space    used 6036K, capacity 6416K, committed 6528K, reserved 1048576K
}
Event: 14.787 GC heap before
{Heap before GC invocations=12 (full 2):
 PSYoungGen      total 394752K, used 394740K [0x000000076b500000, 0x0000000787f00000, 0x00000007c0000000)
  eden space 378880K, 100% used [0x000000076b500000,0x0000000782700000,0x0000000782700000)
  from space 15872K, 99% used [0x0000000782700000,0x000000078367d1d8,0x0000000783680000)
  to   space 13312K, 0% used [0x0000000783680000,0x0000000783680000,0x0000000784380000)
 ParOldGen       total 134656K, used 25722K [0x00000006c1e00000, 0x00000006ca180000, 0x000000076b500000)
  object space 134656K, 19% used [0x00000006c1e00000,0x00000006c371e8b0,0x00000006ca180000)
 Metaspace       used 55944K, capacity 58878K, committed 59136K, reserved 1099776K
  class space    used 7532K, capacity 8094K, committed 8192K, reserved 1048576K
Event: 14.801 GC heap after
Heap after GC invocations=12 (full 2):
 PSYoungGen      total 392192K, used 13301K [0x000000076b500000, 0x0000000787f00000, 0x00000007c0000000)
  eden space 378880K, 0% used [0x000000076b500000,0x000000076b500000,0x0000000782700000)
  from space 13312K, 99% used [0x0000000783680000,0x000000078437d4a0,0x0000000784380000)
  to   space 15872K, 0% used [0x0000000782700000,0x0000000782700000,0x0000000783680000)
 ParOldGen       total 134656K, used 44267K [0x00000006c1e00000, 0x00000006ca180000, 0x000000076b500000)
  object space 134656K, 32% used [0x00000006c1e00000,0x00000006c493ac70,0x00000006ca180000)
 Metaspace       used 55944K, capacity 58878K, committed 59136K, reserved 1099776K
  class space    used 7532K, capacity 8094K, committed 8192K, reserved 1048576K
}
Event: 14.807 GC heap before
{Heap before GC invocations=13 (full 2):
 PSYoungGen      total 392192K, used 27556K [0x000000076b500000, 0x0000000787f00000, 0x00000007c0000000)
  eden space 378880K, 3% used [0x000000076b500000,0x000000076c2ebc20,0x0000000782700000)
  from space 13312K, 99% used [0x0000000783680000,0x000000078437d4a0,0x0000000784380000)
  to   space 15872K, 0% used [0x0000000782700000,0x0000000782700000,0x0000000783680000)
 ParOldGen       total 134656K, used 44267K [0x00000006c1e00000, 0x00000006ca180000, 0x000000076b500000)
  object space 134656K, 32% used [0x00000006c1e00000,0x00000006c493ac70,0x00000006ca180000)
 Metaspace       used 56098K, capacity 59012K, committed 59136K, reserved 1099776K
  class space    used 7552K, capacity 8095K, committed 8192K, reserved 1048576K
Event: 14.816 GC heap after
Heap after GC invocations=13 (full 2):
 PSYoungGen      total 394752K, used 443K [0x000000076b500000, 0x0000000787f00000, 0x00000007c0000000)
  eden space 378880K, 0% used [0x000000076b500000,0x000000076b500000,0x0000000782700000)
  from space 15872K, 2% used [0x0000000782700000,0x000000078276ef20,0x0000000783680000)
  to   space 13312K, 0% used [0x0000000783680000,0x0000000783680000,0x0000000784380000)
 ParOldGen       total 134656K, used 57505K [0x00000006c1e00000, 0x00000006ca180000, 0x000000076b500000)
  object space 134656K, 42% used [0x00000006c1e00000,0x00000006c56284f8,0x00000006ca180000)
 Metaspace       used 56098K, capacity 59012K, committed 59136K, reserved 1099776K
  class space    used 7552K, capacity 8095K, committed 8192K, reserved 1048576K
}
Event: 14.816 GC heap before
{Heap before GC invocations=14 (full 3):
 PSYoungGen      total 394752K, used 443K [0x000000076b500000, 0x0000000787f00000, 0x00000007c0000000)
  eden space 378880K, 0% used [0x000000076b500000,0x000000076b500000,0x0000000782700000)
  from space 15872K, 2% used [0x0000000782700000,0x000000078276ef20,0x0000000783680000)
  to   space 13312K, 0% used [0x0000000783680000,0x0000000783680000,0x0000000784380000)
 ParOldGen       total 134656K, used 57505K [0x00000006c1e00000, 0x00000006ca180000, 0x000000076b500000)
  object space 134656K, 42% used [0x00000006c1e00000,0x00000006c56284f8,0x00000006ca180000)
 Metaspace       used 56098K, capacity 59012K, committed 59136K, reserved 1099776K
  class space    used 7552K, capacity 8095K, committed 8192K, reserved 1048576K
Event: 14.931 GC heap after
Heap after GC invocations=14 (full 3):
 PSYoungGen      total 394752K, used 0K [0x000000076b500000, 0x0000000787f00000, 0x00000007c0000000)
  eden space 378880K, 0% used [0x000000076b500000,0x000000076b500000,0x0000000782700000)
  from space 15872K, 0% used [0x0000000782700000,0x0000000782700000,0x0000000783680000)
  to   space 13312K, 0% used [0x0000000783680000,0x0000000783680000,0x0000000784380000)
 ParOldGen       total 160768K, used 32294K [0x00000006c1e00000, 0x00000006cbb00000, 0x000000076b500000)
  object space 160768K, 20% used [0x00000006c1e00000,0x00000006c3d89830,0x00000006cbb00000)
 Metaspace       used 56098K, capacity 59012K, committed 59136K, reserved 1099776K
  class space    used 7552K, capacity 8095K, committed 8192K, reserved 1048576K
}

